c:\code\trinhhuuan\newtrainingframework\newtrainingframework\release\newtrainingframework.pch
c:\code\trinhhuuan\newtrainingframework\newtrainingframework\release\vc143.pdb
c:\code\trinhhuuan\newtrainingframework\newtrainingframework\release\stdafx.obj
c:\code\trinhhuuan\newtrainingframework\newtrainingframework\release\wallcollision.obj
c:\code\trinhhuuan\newtrainingframework\newtrainingframework\release\charactermovement.obj
c:\code\trinhhuuan\newtrainingframework\newtrainingframework\release\characterhitbox.obj
c:\code\trinhhuuan\newtrainingframework\newtrainingframework\release\charactercombat.obj
c:\code\trinhhuuan\newtrainingframework\newtrainingframework\release\characteranimation.obj
c:\code\trinhhuuan\newtrainingframework\newtrainingframework\release\character.obj
c:\code\trinhhuuan\newtrainingframework\newtrainingframework\release\animationmanager.obj
c:\code\trinhhuuan\newtrainingframework\newtrainingframework\release\gsplay.obj
c:\code\trinhhuuan\newtrainingframework\newtrainingframework\release\gsmenu.obj
c:\code\trinhhuuan\newtrainingframework\newtrainingframework\release\gsintro.obj
c:\code\trinhhuuan\newtrainingframework\newtrainingframework\release\gamestatemachine.obj
c:\code\trinhhuuan\newtrainingframework\newtrainingframework\release\gamestatebase.obj
c:\code\trinhhuuan\newtrainingframework\newtrainingframework\release\scenemanager.obj
c:\code\trinhhuuan\newtrainingframework\newtrainingframework\release\resourcemanager.obj
c:\code\trinhhuuan\newtrainingframework\newtrainingframework\release\object.obj
c:\code\trinhhuuan\newtrainingframework\newtrainingframework\release\newtrainingframework.obj
c:\code\trinhhuuan\newtrainingframework\newtrainingframework\release\model.obj
c:\code\trinhhuuan\newtrainingframework\newtrainingframework\release\gamebutton.obj
c:\code\trinhhuuan\newtrainingframework\newtrainingframework\release\camera.obj
c:\code\trinhhuuan\newtrainingframework\newtrainingframework\release\soundmanager.obj
c:\code\trinhhuuan\newtrainingframework\newtrainingframework\release\laddercollision.obj
c:\code\trinhhuuan\newtrainingframework\newtrainingframework\release\platformcollision.obj
c:\code\trinhhuuan\newtrainingframework\newtrainingframework\release\texture2d.obj
c:\code\trinhhuuan\newtrainingframework\newtrainingframework\release\teleportcollision.obj
c:\code\trinhhuuan\newtrainingframework\newtrainingframework\release\shaders.obj
c:\code\trinhhuuan\newtrainingframework\newtrainingframework\release\energyorbprojectile.obj
c:\code\trinhhuuan\newtrainingframework\newtrainingframework\release\inputmanager.obj
c:\code\trinhhuuan\newtrainingframework\bin\newtrainingframework.exe
c:\code\trinhhuuan\newtrainingframework\bin\newtrainingframework.pdb
c:\code\trinhhuuan\newtrainingframework\newtrainingframework\release\newtrainingframework.ipdb
c:\code\trinhhuuan\newtrainingframework\newtrainingframework\release\newtrainingframework.iobj
c:\code\trinhhuuan\newtrainingframework\\bin\newtrainingframework.pdb
c:\code\trinhhuuan\newtrainingframework\newtrainingframework\release\newtrain.fc024ec8.tlog\cl.command.1.tlog
c:\code\trinhhuuan\newtrainingframework\newtrainingframework\release\newtrain.fc024ec8.tlog\cl.items.tlog
c:\code\trinhhuuan\newtrainingframework\newtrainingframework\release\newtrain.fc024ec8.tlog\cl.read.1.tlog
c:\code\trinhhuuan\newtrainingframework\newtrainingframework\release\newtrain.fc024ec8.tlog\cl.write.1.tlog
c:\code\trinhhuuan\newtrainingframework\newtrainingframework\release\newtrain.fc024ec8.tlog\link.command.1.tlog
c:\code\trinhhuuan\newtrainingframework\newtrainingframework\release\newtrain.fc024ec8.tlog\link.read.1.tlog
c:\code\trinhhuuan\newtrainingframework\newtrainingframework\release\newtrain.fc024ec8.tlog\link.secondary.1.tlog
c:\code\trinhhuuan\newtrainingframework\newtrainingframework\release\newtrain.fc024ec8.tlog\link.write.1.tlog
